<?xml version="1.0" encoding="UTF-8"?>
<robot generator="Robot 5.0.1 (Python 3.10.6 on win32)" generated="20220902 11:43:41.680" rpa="false" schemaversion="3">
<suite id="s1" name="Amazon Testes" source="C:\Temp\RobotFramework\WebTesting\amazon_testes.robot">
<test id="s1-t1" name="Caso de teste 01 - Acesso ao menu &quot;Eletrônicos&quot;" line="11">
<kw name="Abrir o navegador" library="amazon_resources" type="SETUP">
<kw name="Open Browser" library="SeleniumLibrary">
<arg>browser=chrome</arg>
<doc>Opens a new browser instance to the optional ``url``.</doc>
<msg timestamp="20220902 11:43:41.900" level="INFO">Opening browser 'chrome' to base url 'None'.</msg>
<status status="PASS" starttime="20220902 11:43:41.900" endtime="20220902 11:43:43.146"/>
</kw>
<kw name="Maximize Browser Window" library="SeleniumLibrary">
<doc>Maximizes current browser window.</doc>
<status status="PASS" starttime="20220902 11:43:43.148" endtime="20220902 11:43:43.269"/>
</kw>
<status status="PASS" starttime="20220902 11:43:41.900" endtime="20220902 11:43:43.269"/>
</kw>
<kw name="Acessar a home page do site Amazon.com.br" library="amazon_resources">
<kw name="Go To" library="SeleniumLibrary">
<arg>url=${URL}</arg>
<doc>Navigates the current browser window to the provided ``url``.</doc>
<msg timestamp="20220902 11:43:43.269" level="INFO">Opening url 'https://www.amazon.com.br/'</msg>
<status status="PASS" starttime="20220902 11:43:43.269" endtime="20220902 11:43:46.377"/>
</kw>
<kw name="Wait Until Element Is Visible" library="SeleniumLibrary">
<arg>locator=${MENU_ELETRONICOS}</arg>
<doc>Waits until the element ``locator`` is visible.</doc>
<status status="PASS" starttime="20220902 11:43:46.377" endtime="20220902 11:43:46.415"/>
</kw>
<status status="PASS" starttime="20220902 11:43:43.269" endtime="20220902 11:43:46.415"/>
</kw>
<kw name="Entrar no menu &quot;Eletrônicos&quot;" library="amazon_resources">
<kw name="Click Element" library="SeleniumLibrary">
<arg>locator=${MENU_ELETRONICOS}</arg>
<doc>Click the element identified by ``locator``.</doc>
<msg timestamp="20220902 11:43:46.419" level="INFO">Clicking element '//a[@href='/Eletronicos-e-Tecnologia/b/?ie=UTF8&amp;node=16209062011&amp;ref_=nav_cs_electronics'][contains(.,'Eletrônicos')]'.</msg>
<status status="PASS" starttime="20220902 11:43:46.415" endtime="20220902 11:43:47.423"/>
</kw>
<status status="PASS" starttime="20220902 11:43:46.415" endtime="20220902 11:43:47.423"/>
</kw>
<kw name="Verificar se aparece a frase &quot;Eletrônicos e Tecnologia&quot;" library="amazon_resources">
<kw name="Wait Until Page Contains" library="SeleniumLibrary">
<arg>text=${TEXTO_HEADER_ELETRONICOS}</arg>
<doc>Waits until ``text`` appears on the current page.</doc>
<status status="PASS" starttime="20220902 11:43:47.429" endtime="20220902 11:43:47.782"/>
</kw>
<kw name="Wait Until Element Is Visible" library="SeleniumLibrary">
<arg>locator=${HEADER_ELETRONICOS}</arg>
<doc>Waits until the element ``locator`` is visible.</doc>
<status status="PASS" starttime="20220902 11:43:47.782" endtime="20220902 11:43:48.092"/>
</kw>
<status status="PASS" starttime="20220902 11:43:47.423" endtime="20220902 11:43:48.092"/>
</kw>
<kw name="Verificar se o título da página fica &quot;Eletrônicos e Tecnologia | Amazon.com.br&quot;" library="amazon_resources" sourcename="Verificar se o título da página fica &quot;${TITULO}&quot;">
<kw name="Title Should Be" library="SeleniumLibrary">
<arg>title=${TITULO}</arg>
<doc>Verifies that the current page title equals ``title``.</doc>
<msg timestamp="20220902 11:43:48.274" level="INFO">Page title is 'Eletrônicos e Tecnologia | Amazon.com.br'.</msg>
<status status="PASS" starttime="20220902 11:43:48.093" endtime="20220902 11:43:48.274"/>
</kw>
<status status="PASS" starttime="20220902 11:43:48.093" endtime="20220902 11:43:48.278"/>
</kw>
<kw name="Verificar se aparece a categoria &quot;Computadores e Informática&quot;" library="amazon_resources">
<kw name="Element Should Be Visible" library="SeleniumLibrary">
<arg>locator=//img[@src='https://images-na.ssl-images-amazon.com/images/G/32/BR-hq/2021/img/Consumer_Electronics/Storefronts/Electronics/956.Storefront_categoria_computadores_icons_240x270.jpg']</arg>
<doc>Verifies that the element identified by ``locator`` is visible.</doc>
<msg timestamp="20220902 11:43:48.504" level="INFO">Element '//img[@src='https://images-na.ssl-images-amazon.com/images/G/32/BR-hq/2021/img/Consumer_Electronics/Storefronts/Electronics/956.Storefront_categoria_computadores_icons_240x270.jpg']' is displayed.</msg>
<status status="PASS" starttime="20220902 11:43:48.280" endtime="20220902 11:43:48.504"/>
</kw>
<status status="PASS" starttime="20220902 11:43:48.279" endtime="20220902 11:43:48.504"/>
</kw>
<doc>Esse teste veirifica o menu eletronicos da amazon.com.br
e verificaca a categoria de computadores e informatica</doc>
<tag>categorias</tag>
<tag>menus</tag>
<status status="PASS" starttime="20220902 11:43:41.900" endtime="20220902 11:43:48.504"/>
</test>
<test id="s1-t2" name="Caso de teste 02 - Pesquisa de um Produto" line="21">
<kw name="Abrir o navegador" library="amazon_resources" type="SETUP">
<kw name="Open Browser" library="SeleniumLibrary">
<arg>browser=chrome</arg>
<doc>Opens a new browser instance to the optional ``url``.</doc>
<msg timestamp="20220902 11:43:48.510" level="INFO">Opening browser 'chrome' to base url 'None'.</msg>
<status status="PASS" starttime="20220902 11:43:48.509" endtime="20220902 11:43:49.791"/>
</kw>
<kw name="Maximize Browser Window" library="SeleniumLibrary">
<doc>Maximizes current browser window.</doc>
<status status="PASS" starttime="20220902 11:43:49.791" endtime="20220902 11:43:49.906"/>
</kw>
<status status="PASS" starttime="20220902 11:43:48.507" endtime="20220902 11:43:49.906"/>
</kw>
<kw name="Acessar a home page do site Amazon.com.br" library="amazon_resources">
<kw name="Go To" library="SeleniumLibrary">
<arg>url=${URL}</arg>
<doc>Navigates the current browser window to the provided ``url``.</doc>
<msg timestamp="20220902 11:43:49.910" level="INFO">Opening url 'https://www.amazon.com.br/'</msg>
<status status="PASS" starttime="20220902 11:43:49.909" endtime="20220902 11:43:52.801"/>
</kw>
<kw name="Wait Until Element Is Visible" library="SeleniumLibrary">
<arg>locator=${MENU_ELETRONICOS}</arg>
<doc>Waits until the element ``locator`` is visible.</doc>
<status status="PASS" starttime="20220902 11:43:52.802" endtime="20220902 11:43:52.849"/>
</kw>
<status status="PASS" starttime="20220902 11:43:49.909" endtime="20220902 11:43:52.850"/>
</kw>
<kw name="Digitar o nome de produto &quot;Xbox Series S&quot; no campo de pesquisa" library="amazon_resources" sourcename="Digitar o nome de produto &quot;${PESQUISA_PRODUTO}&quot; no campo de pesquisa">
<kw name="Wait Until Element Is Visible" library="SeleniumLibrary">
<arg>locator=//input[contains(@type,'text')]</arg>
<doc>Waits until the element ``locator`` is visible.</doc>
<status status="PASS" starttime="20220902 11:43:52.850" endtime="20220902 11:43:52.871"/>
</kw>
<kw name="Click Element" library="SeleniumLibrary">
<arg>locator=//input[contains(@type,'text')]</arg>
<doc>Click the element identified by ``locator``.</doc>
<msg timestamp="20220902 11:43:52.871" level="INFO">Clicking element '//input[contains(@type,'text')]'.</msg>
<status status="PASS" starttime="20220902 11:43:52.871" endtime="20220902 11:43:52.997"/>
</kw>
<kw name="Input Text" library="SeleniumLibrary">
<arg>locator=//input[contains(@type,'text')]</arg>
<arg>text=${PESQUISA_PRODUTO}</arg>
<doc>Types the given ``text`` into the text field identified by ``locator``.</doc>
<msg timestamp="20220902 11:43:52.999" level="INFO">Typing text 'Xbox Series S' into text field '//input[contains(@type,'text')]'.</msg>
<status status="PASS" starttime="20220902 11:43:52.998" endtime="20220902 11:43:53.105"/>
</kw>
<status status="PASS" starttime="20220902 11:43:52.850" endtime="20220902 11:43:53.105"/>
</kw>
<kw name="Clicar no botão de pesquisa" library="amazon_resources">
<kw name="Click Button" library="SeleniumLibrary">
<arg>locator=//input[contains(@type,'submit')]</arg>
<doc>Clicks the button identified by ``locator``.</doc>
<msg timestamp="20220902 11:43:53.107" level="INFO">Clicking button '//input[contains(@type,'submit')]'.</msg>
<status status="PASS" starttime="20220902 11:43:53.107" endtime="20220902 11:43:53.221"/>
</kw>
<status status="PASS" starttime="20220902 11:43:53.105" endtime="20220902 11:43:53.221"/>
</kw>
<kw name="Verificar resultado da pesquisa, listando o produto pesquisado" library="amazon_resources">
<kw name="Wait Until Element Is Visible" library="SeleniumLibrary">
<arg>locator=//img[contains(@alt,'Console Xbox Series S')]</arg>
<doc>Waits until the element ``locator`` is visible.</doc>
<status status="PASS" starttime="20220902 11:43:53.224" endtime="20220902 11:43:54.275"/>
</kw>
<status status="PASS" starttime="20220902 11:43:53.221" endtime="20220902 11:43:54.276"/>
</kw>
<doc>Esse teste verifica a busca de um produto</doc>
<tag>busca_produtos</tag>
<tag>lista_busca</tag>
<status status="PASS" starttime="20220902 11:43:48.507" endtime="20220902 11:43:54.277"/>
</test>
<doc>Essa suite testa o site da amazon</doc>
<status status="PASS" starttime="20220902 11:43:41.684" endtime="20220902 11:43:54.279"/>
</suite>
<statistics>
<total>
<stat pass="2" fail="0" skip="0">All Tests</stat>
</total>
<tag>
<stat pass="1" fail="0" skip="0">busca_produtos</stat>
<stat pass="1" fail="0" skip="0">categorias</stat>
<stat pass="1" fail="0" skip="0">lista_busca</stat>
<stat pass="1" fail="0" skip="0">menus</stat>
</tag>
<suite>
<stat pass="2" fail="0" skip="0" id="s1" name="Amazon Testes">Amazon Testes</stat>
</suite>
</statistics>
<errors>
</errors>
</robot>
